[20:1:32.624] Global cache location '/home/yyoncho/.cache/typescript/3.9', safe file path '/home/yyoncho/.emacs.d/.cache/lsp/npm/typescript/lib/node_modules/typescript/lib/typingSafeList.json', types map path /home/yyoncho/.emacs.d/.cache/lsp/npm/typescript/lib/node_modules/typescript/lib/typesMap.json
[20:1:32.628] Processing cache location '/home/yyoncho/.cache/typescript/3.9'
[20:1:32.628] Trying to find '/home/yyoncho/.cache/typescript/3.9/package.json'...
[20:1:32.634] Loaded content of '/home/yyoncho/.cache/typescript/3.9/package.json': {"private":true,"dependencies":{"types-registry":"^0.1.509"},"devDependencies":{"@types/archiver":"^3.1.0","@types/async":"^3.2.3","@types/atob":"^2.1.2","@types/bootstrap":"^4.5.0","@types/copy-webpack-plugin":"^6.0.0","@types/denodeify":"^1.2.31","@types/eslint":"^7.2.2","@types/fs-extra":"^9.0.1","@types/glob":"^7.1.3","@types/gulp":"^4.0.6","@types/gulp-sass":"^4.0.0","@types/html-webpack-plugin":"^3.2.3","@types/js-base64":"^3.0.0","@types/lodash":"^4.14.161","@types/mocha":"^8.0.3","@types/mongoose":"^5.7.36","@types/node-fetch":"^2.5.7","@types/pug":"^2.0.4","@types/sinon":"^9.0.5","@types/sprintf":"^0.1.0","@types/url-join":"^4.0.0","@types/webpack":"^4.41.22"}}
[20:1:32.636] Loaded content of '/home/yyoncho/.cache/typescript/3.9/package-lock.json'
[20:1:32.662] Adding entry into typings cache: 'archiver' => '/home/yyoncho/.cache/typescript/3.9/node_modules/@types/archiver/index.d.ts'
[20:1:32.669] Adding entry into typings cache: 'async' => '/home/yyoncho/.cache/typescript/3.9/node_modules/@types/async/index.d.ts'
[20:1:32.690] Adding entry into typings cache: 'atob' => '/home/yyoncho/.cache/typescript/3.9/node_modules/@types/atob/index.d.ts'
[20:1:32.703] Adding entry into typings cache: 'bootstrap' => '/home/yyoncho/.cache/typescript/3.9/node_modules/@types/bootstrap/index.d.ts'
[20:1:32.716] Adding entry into typings cache: 'copy-webpack-plugin' => '/home/yyoncho/.cache/typescript/3.9/node_modules/@types/copy-webpack-plugin/index.d.ts'
[20:1:32.737] Adding entry into typings cache: 'denodeify' => '/home/yyoncho/.cache/typescript/3.9/node_modules/@types/denodeify/index.d.ts'
[20:1:32.763] Adding entry into typings cache: 'eslint' => '/home/yyoncho/.cache/typescript/3.9/node_modules/@types/eslint/index.d.ts'
[20:1:32.776] Adding entry into typings cache: 'fs-extra' => '/home/yyoncho/.cache/typescript/3.9/node_modules/@types/fs-extra/index.d.ts'
[20:1:32.797] Adding entry into typings cache: 'glob' => '/home/yyoncho/.cache/typescript/3.9/node_modules/@types/glob/index.d.ts'
[20:1:32.804] Adding entry into typings cache: 'gulp' => '/home/yyoncho/.cache/typescript/3.9/node_modules/@types/gulp/index.d.ts'
[20:1:32.813] Adding entry into typings cache: 'gulp-sass' => '/home/yyoncho/.cache/typescript/3.9/node_modules/@types/gulp-sass/index.d.ts'
[20:1:32.832] Adding entry into typings cache: 'html-webpack-plugin' => '/home/yyoncho/.cache/typescript/3.9/node_modules/@types/html-webpack-plugin/index.d.ts'
[20:1:32.851] Adding entry into typings cache: 'js-base64' => '/home/yyoncho/.cache/typescript/3.9/node_modules/@types/js-base64/index.d.ts'
[20:1:32.866] Adding entry into typings cache: 'lodash' => '/home/yyoncho/.cache/typescript/3.9/node_modules/@types/lodash/index.d.ts'
[20:1:32.877] Adding entry into typings cache: 'mocha' => '/home/yyoncho/.cache/typescript/3.9/node_modules/@types/mocha/index.d.ts'
[20:1:32.894] Adding entry into typings cache: 'mongoose' => '/home/yyoncho/.cache/typescript/3.9/node_modules/@types/mongoose/index.d.ts'
[20:1:32.917] Adding entry into typings cache: 'node-fetch' => '/home/yyoncho/.cache/typescript/3.9/node_modules/@types/node-fetch/index.d.ts'
[20:1:32.929] Adding entry into typings cache: 'pug' => '/home/yyoncho/.cache/typescript/3.9/node_modules/@types/pug/index.d.ts'
[20:1:32.937] Adding entry into typings cache: 'sinon' => '/home/yyoncho/.cache/typescript/3.9/node_modules/@types/sinon/index.d.ts'
[20:1:32.949] Adding entry into typings cache: 'sprintf' => '/home/yyoncho/.cache/typescript/3.9/node_modules/@types/sprintf/index.d.ts'
[20:1:32.957] Adding entry into typings cache: 'url-join' => '/home/yyoncho/.cache/typescript/3.9/node_modules/@types/url-join/index.d.ts'
[20:1:32.971] Adding entry into typings cache: 'webpack' => '/home/yyoncho/.cache/typescript/3.9/node_modules/@types/webpack/index.d.ts'
[20:1:32.975] Finished processing cache location '/home/yyoncho/.cache/typescript/3.9'
[20:1:32.975] Process id: 3831613
[20:1:32.975] NPM location: /usr/bin/npm (explicit '--npmLocation' not  provided)
[20:1:32.975] validateDefaultNpmLocation: false
[20:1:32.976] Npm config file: /home/yyoncho/.cache/typescript/3.9/package.json
[20:1:32.976] Updating types-registry npm package...
[20:1:32.976] Exec: /usr/bin/npm install --ignore-scripts types-registry@latest
[20:1:38.99]     Succeeded. stdout:
    + types-registry@0.1.510
    updated 1 package and audited 194 packages in 3.392s

1 package is looking for funding
  run `npm fund` for details

found 0 vulnerabilities


[20:1:38.99] Updated types-registry npm package
[20:1:38.138] Got install request {"projectName":"/dev/null/inferredProject1*","fileNames":["/home/yyoncho/.emacs.d/.cache/lsp/npm/typescript/lib/node_modules/typescript/lib/lib.d.ts","/home/yyoncho/.emacs.d/.cache/lsp/npm/typescript/lib/node_modules/typescript/lib/lib.es5.d.ts","/home/yyoncho/.emacs.d/.cache/lsp/npm/typescript/lib/node_modules/typescript/lib/lib.dom.d.ts","/home/yyoncho/.emacs.d/.cache/lsp/npm/typescript/lib/node_modules/typescript/lib/lib.webworker.importscripts.d.ts","/home/yyoncho/.emacs.d/.cache/lsp/npm/typescript/lib/node_modules/typescript/lib/lib.scripthost.d.ts","/home/yyoncho/Sources/my-app/src/App.js","/home/yyoncho/Sources/my-app/src/serviceWorker.js","/home/yyoncho/Sources/my-app/src/index.js"],"compilerOptions":{"target":1,"jsx":1,"allowNonTsExtensions":true,"allowJs":true,"noEmitForJsFiles":true,"maxNodeModuleJsDepth":2},"typeAcquisition":{"enable":true,"include":[],"exclude":[]},"unresolvedImports":["@babel/runtime","@testing-library/dom"],"projectRootPath":"/home/yyoncho/Sources/my-app/src","kind":"discover"}
[20:1:38.237] Loaded safelist from types map file '/home/yyoncho/.emacs.d/.cache/lsp/npm/typescript/lib/node_modules/typescript/lib/typesMap.json'
[20:1:38.238] Explicitly included types: []
[20:1:38.254] Inferred typings from unresolved imports: ["@babel/runtime","@testing-library/dom"]
[20:1:38.255] Result: {"cachedTypingPaths":[],"newTypingNames":["@babel/runtime","@testing-library/dom"],"filesToWatch":["/home/yyoncho/Sources/my-app/src/bower_components","/home/yyoncho/Sources/my-app/src/node_modules"]}
[20:1:38.255] Finished typings discovery: {"cachedTypingPaths":[],"newTypingNames":["@babel/runtime","@testing-library/dom"],"filesToWatch":["/home/yyoncho/Sources/my-app/src/bower_components","/home/yyoncho/Sources/my-app/src/node_modules"]}
[20:1:38.255] DirectoryWatcher:: Added:: WatchInfo: /home/yyoncho/Sources/my-app/src/bower_components
[20:1:38.279] DirectoryWatcher:: Added:: WatchInfo: /home/yyoncho/Sources/my-app/src/node_modules
[20:1:38.279] Installing typings ["@babel/runtime","@testing-library/dom"]
[20:1:38.280] '@babel/runtime':: Entry for package 'babel__runtime' does not exist in local types registry - skipping...
[20:1:38.280] '@testing-library/dom':: Entry for package 'testing-library__dom' does not exist in local types registry - skipping...
[20:1:38.280] All typings are known to be missing or invalid - no need to install more typings
[20:1:38.280] Sending response:
    {"projectName":"/dev/null/inferredProject1*","typeAcquisition":{"enable":true,"include":[],"exclude":[]},"compilerOptions":{"target":1,"jsx":1,"allowNonTsExtensions":true,"allowJs":true,"noEmitForJsFiles":true,"maxNodeModuleJsDepth":2},"typings":[],"unresolvedImports":["@babel/runtime","@testing-library/dom"],"kind":"action::set"}
[20:1:38.281] Response has been sent.
[21:45:34.711] Got install request {"projectName":"/dev/null/inferredProject1*","fileNames":[],"compilerOptions":{"target":1,"jsx":1,"allowNonTsExtensions":true,"allowJs":true,"noEmitForJsFiles":true},"typeAcquisition":{"enable":true,"include":[],"exclude":[]},"unresolvedImports":[],"projectRootPath":"/home/yyoncho/Sources/my-app/src","kind":"discover"}
[21:45:34.711] Explicitly included types: []
[21:45:34.712] Inferred typings from unresolved imports: []
[21:45:34.712] Result: {"cachedTypingPaths":[],"newTypingNames":[],"filesToWatch":["/home/yyoncho/Sources/my-app/src/bower_components","/home/yyoncho/Sources/my-app/src/node_modules"]}
[21:45:34.712] Finished typings discovery: {"cachedTypingPaths":[],"newTypingNames":[],"filesToWatch":["/home/yyoncho/Sources/my-app/src/bower_components","/home/yyoncho/Sources/my-app/src/node_modules"]}
[21:45:34.712] Sending response:
    {"projectName":"/dev/null/inferredProject1*","typeAcquisition":{"enable":true,"include":[],"exclude":[]},"compilerOptions":{"target":1,"jsx":1,"allowNonTsExtensions":true,"allowJs":true,"noEmitForJsFiles":true},"typings":[],"unresolvedImports":[],"kind":"action::set"}
[21:45:34.712] Response has been sent.
[21:45:34.713] No new typings were requested as a result of typings discovery
