[18:39:11.439] Global cache location '/home/yyoncho/.cache/typescript/3.9', safe file path '/home/yyoncho/.emacs.d/.cache/lsp/npm/typescript/lib/node_modules/typescript/lib/typingSafeList.json', types map path /home/yyoncho/.emacs.d/.cache/lsp/npm/typescript/lib/node_modules/typescript/lib/typesMap.json
[18:39:11.439] Processing cache location '/home/yyoncho/.cache/typescript/3.9'
[18:39:11.439] Trying to find '/home/yyoncho/.cache/typescript/3.9/package.json'...
[18:39:11.444] Loaded content of '/home/yyoncho/.cache/typescript/3.9/package.json': {"private":true,"dependencies":{"types-registry":"^0.1.510"},"devDependencies":{"@types/archiver":"^3.1.0","@types/async":"^3.2.3","@types/atob":"^2.1.2","@types/bootstrap":"^4.5.0","@types/copy-webpack-plugin":"^6.0.0","@types/denodeify":"^1.2.31","@types/eslint":"^7.2.2","@types/fs-extra":"^9.0.1","@types/glob":"^7.1.3","@types/gulp":"^4.0.6","@types/gulp-sass":"^4.0.0","@types/html-webpack-plugin":"^3.2.3","@types/js-base64":"^3.0.0","@types/lodash":"^4.14.161","@types/mocha":"^8.0.3","@types/mongoose":"^5.7.36","@types/node-fetch":"^2.5.7","@types/pug":"^2.0.4","@types/sinon":"^9.0.5","@types/sprintf":"^0.1.0","@types/url-join":"^4.0.0","@types/webpack":"^4.41.22"}}
[18:39:11.444] Loaded content of '/home/yyoncho/.cache/typescript/3.9/package-lock.json'
[18:39:11.460] Adding entry into typings cache: 'archiver' => '/home/yyoncho/.cache/typescript/3.9/node_modules/@types/archiver/index.d.ts'
[18:39:11.466] Adding entry into typings cache: 'async' => '/home/yyoncho/.cache/typescript/3.9/node_modules/@types/async/index.d.ts'
[18:39:11.473] Adding entry into typings cache: 'atob' => '/home/yyoncho/.cache/typescript/3.9/node_modules/@types/atob/index.d.ts'
[18:39:11.476] Adding entry into typings cache: 'bootstrap' => '/home/yyoncho/.cache/typescript/3.9/node_modules/@types/bootstrap/index.d.ts'
[18:39:11.483] Adding entry into typings cache: 'copy-webpack-plugin' => '/home/yyoncho/.cache/typescript/3.9/node_modules/@types/copy-webpack-plugin/index.d.ts'
[18:39:11.488] Adding entry into typings cache: 'denodeify' => '/home/yyoncho/.cache/typescript/3.9/node_modules/@types/denodeify/index.d.ts'
[18:39:11.492] Adding entry into typings cache: 'eslint' => '/home/yyoncho/.cache/typescript/3.9/node_modules/@types/eslint/index.d.ts'
[18:39:11.496] Adding entry into typings cache: 'fs-extra' => '/home/yyoncho/.cache/typescript/3.9/node_modules/@types/fs-extra/index.d.ts'
[18:39:11.502] Adding entry into typings cache: 'glob' => '/home/yyoncho/.cache/typescript/3.9/node_modules/@types/glob/index.d.ts'
[18:39:11.508] Adding entry into typings cache: 'gulp' => '/home/yyoncho/.cache/typescript/3.9/node_modules/@types/gulp/index.d.ts'
[18:39:11.518] Adding entry into typings cache: 'gulp-sass' => '/home/yyoncho/.cache/typescript/3.9/node_modules/@types/gulp-sass/index.d.ts'
[18:39:11.523] Adding entry into typings cache: 'html-webpack-plugin' => '/home/yyoncho/.cache/typescript/3.9/node_modules/@types/html-webpack-plugin/index.d.ts'
[18:39:11.526] Adding entry into typings cache: 'js-base64' => '/home/yyoncho/.cache/typescript/3.9/node_modules/@types/js-base64/index.d.ts'
[18:39:11.531] Adding entry into typings cache: 'lodash' => '/home/yyoncho/.cache/typescript/3.9/node_modules/@types/lodash/index.d.ts'
[18:39:11.535] Adding entry into typings cache: 'mocha' => '/home/yyoncho/.cache/typescript/3.9/node_modules/@types/mocha/index.d.ts'
[18:39:11.541] Adding entry into typings cache: 'mongoose' => '/home/yyoncho/.cache/typescript/3.9/node_modules/@types/mongoose/index.d.ts'
[18:39:11.545] Adding entry into typings cache: 'node-fetch' => '/home/yyoncho/.cache/typescript/3.9/node_modules/@types/node-fetch/index.d.ts'
[18:39:11.567] Adding entry into typings cache: 'pug' => '/home/yyoncho/.cache/typescript/3.9/node_modules/@types/pug/index.d.ts'
[18:39:11.570] Adding entry into typings cache: 'sinon' => '/home/yyoncho/.cache/typescript/3.9/node_modules/@types/sinon/index.d.ts'
[18:39:11.575] Adding entry into typings cache: 'sprintf' => '/home/yyoncho/.cache/typescript/3.9/node_modules/@types/sprintf/index.d.ts'
[18:39:11.586] Adding entry into typings cache: 'url-join' => '/home/yyoncho/.cache/typescript/3.9/node_modules/@types/url-join/index.d.ts'
[18:39:11.594] Adding entry into typings cache: 'webpack' => '/home/yyoncho/.cache/typescript/3.9/node_modules/@types/webpack/index.d.ts'
[18:39:11.594] Finished processing cache location '/home/yyoncho/.cache/typescript/3.9'
[18:39:11.595] Process id: 523304
[18:39:11.595] NPM location: /usr/bin/npm (explicit '--npmLocation' not  provided)
[18:39:11.595] validateDefaultNpmLocation: false
[18:39:11.595] Npm config file: /home/yyoncho/.cache/typescript/3.9/package.json
[18:39:11.596] Updating types-registry npm package...
[18:39:11.597] Exec: /usr/bin/npm install --ignore-scripts types-registry@latest
